TN:
SF:src\services\store.ts
FN:32,useDispatch
FNF:1
FNH:0
FNDA:0,useDispatch
DA:1,1
DA:2,1
DA:3,1
DA:4,1
DA:5,1
DA:6,1
DA:7,1
DA:8,1
DA:9,1
DA:10,1
DA:11,1
DA:12,1
DA:13,1
DA:14,1
DA:15,1
DA:16,1
DA:17,1
DA:18,1
DA:19,1
DA:20,1
DA:21,1
DA:22,1
DA:23,1
DA:24,1
DA:25,1
DA:26,1
DA:27,1
DA:28,1
DA:29,1
DA:30,1
DA:31,1
DA:32,1
DA:33,1
DA:34,1
DA:35,1
DA:36,1
LF:36
LH:36
BRF:0
BRH:0
end_of_record
TN:
SF:src\slices\burgerConstructorSlice.tsx
FN:40,setConstructorItems
FN:43,setBun
FN:47,reducer
FN:53,prepare
FN:65,removeIngredient
FN:68,moveIngridientUp
FN:83,moveIngridientDown
FN:100,reset
FN:102,extraReducers
FN:118,getConstructorItems
FN:119,getOrderRequest
FN:120,getOrderModalData
FNF:12
FNH:9
FNDA:1,setConstructorItems
FNDA:1,setBun
FNDA:1,reducer
FNDA:1,prepare
FNDA:1,removeIngredient
FNDA:3,moveIngridientUp
FNDA:3,moveIngridientDown
FNDA:1,reset
FNDA:2,extraReducers
FNDA:0,getConstructorItems
FNDA:0,getOrderRequest
FNDA:0,getOrderModalData
DA:1,1
DA:2,1
DA:3,1
DA:4,1
DA:5,1
DA:6,1
DA:7,1
DA:8,1
DA:9,1
DA:10,1
DA:11,1
DA:12,1
DA:13,1
DA:14,1
DA:15,1
DA:16,1
DA:17,1
DA:18,1
DA:19,1
DA:20,1
DA:21,1
DA:22,1
DA:23,1
DA:24,1
DA:25,1
DA:26,1
DA:27,1
DA:28,1
DA:29,1
DA:30,1
DA:31,0
DA:32,0
DA:33,0
DA:34,1
DA:35,1
DA:36,1
DA:37,1
DA:38,1
DA:39,1
DA:40,1
DA:41,1
DA:42,1
DA:43,1
DA:44,1
DA:45,1
DA:46,1
DA:47,1
DA:48,1
DA:49,1
DA:50,1
DA:51,1
DA:52,1
DA:53,1
DA:54,1
DA:55,1
DA:56,1
DA:57,1
DA:58,1
DA:59,1
DA:60,1
DA:61,1
DA:62,1
DA:63,1
DA:64,1
DA:65,1
DA:66,1
DA:67,1
DA:68,1
DA:69,3
DA:70,3
DA:71,3
DA:72,3
DA:73,3
DA:74,3
DA:75,3
DA:76,3
DA:77,3
DA:78,3
DA:79,3
DA:80,3
DA:81,3
DA:82,1
DA:83,1
DA:84,3
DA:85,3
DA:86,3
DA:87,3
DA:88,3
DA:89,3
DA:90,3
DA:91,3
DA:92,3
DA:93,3
DA:94,3
DA:95,3
DA:96,3
DA:97,3
DA:98,0
DA:99,1
DA:100,1
DA:101,1
DA:102,1
DA:103,2
DA:104,2
DA:105,2
DA:106,1
DA:107,2
DA:108,2
DA:109,1
DA:110,1
DA:111,2
DA:112,2
DA:113,1
DA:114,1
DA:115,2
DA:116,1
DA:117,1
DA:118,1
DA:119,1
DA:120,1
DA:121,1
DA:122,1
DA:123,1
DA:124,1
DA:125,1
DA:126,1
DA:127,1
DA:128,1
DA:129,1
DA:130,1
DA:131,1
DA:132,1
DA:133,1
DA:134,1
DA:135,1
DA:136,1
LF:136
LH:132
BRDA:40,0,0,1
BRDA:43,1,0,1
BRDA:47,2,0,1
BRDA:53,3,0,1
BRDA:65,4,0,1
BRDA:68,5,0,3
BRDA:83,6,0,3
BRDA:98,7,0,0
BRDA:100,8,0,1
BRDA:102,9,0,2
BRDA:105,10,0,1
BRDA:108,11,0,1
BRDA:112,12,0,1
BRF:13
BRH:12
end_of_record
TN:
SF:src\slices\feedSlice.tsx
FN:29,extraReducers
FN:47,getFeedLoadingState
FN:48,getFeedOrders
FN:49,getFeedStats
FNF:4
FNH:4
FNDA:2,extraReducers
FNDA:1,getFeedLoadingState
FNDA:1,getFeedOrders
FNDA:1,getFeedStats
DA:1,1
DA:2,1
DA:3,1
DA:4,1
DA:5,1
DA:6,0
DA:7,0
DA:8,1
DA:9,1
DA:10,1
DA:11,1
DA:12,1
DA:13,1
DA:14,1
DA:15,1
DA:16,1
DA:17,1
DA:18,1
DA:19,1
DA:20,1
DA:21,1
DA:22,1
DA:23,1
DA:24,1
DA:25,1
DA:26,1
DA:27,1
DA:28,1
DA:29,1
DA:30,2
DA:31,2
DA:32,2
DA:33,1
DA:34,2
DA:35,2
DA:36,1
DA:37,1
DA:38,1
DA:39,1
DA:40,2
DA:41,2
DA:42,1
DA:43,1
DA:44,2
DA:45,1
DA:46,1
DA:47,1
DA:48,1
DA:49,1
DA:50,1
DA:51,1
DA:52,1
DA:53,1
DA:54,1
DA:55,1
DA:56,1
LF:56
LH:54
BRDA:29,0,0,2
BRDA:32,1,0,1
BRDA:35,2,0,1
BRDA:41,3,0,1
BRDA:47,4,0,1
BRDA:48,5,0,1
BRDA:49,6,0,1
BRF:7
BRH:7
end_of_record
TN:
SF:src\slices\ingredientsSlice.tsx
FN:33,setBuns
FN:36,setMains
FN:39,setSauces
FN:43,extraReducers
FN:68,getIngredients
FN:69,getIngLoadingStatus
FN:70,getBuns
FN:71,getMains
FN:72,getSauces
FNF:9
FNH:9
FNDA:1,setBuns
FNDA:1,setMains
FNDA:1,setSauces
FNDA:2,extraReducers
FNDA:1,getIngredients
FNDA:1,getIngLoadingStatus
FNDA:1,getBuns
FNDA:1,getMains
FNDA:1,getSauces
DA:1,1
DA:2,1
DA:3,1
DA:4,1
DA:5,1
DA:6,1
DA:7,1
DA:8,0
DA:9,0
DA:10,0
DA:11,1
DA:12,1
DA:13,1
DA:14,1
DA:15,1
DA:16,1
DA:17,1
DA:18,1
DA:19,1
DA:20,1
DA:21,1
DA:22,1
DA:23,1
DA:24,1
DA:25,1
DA:26,1
DA:27,1
DA:28,1
DA:29,1
DA:30,1
DA:31,1
DA:32,1
DA:33,1
DA:34,1
DA:35,1
DA:36,1
DA:37,1
DA:38,1
DA:39,1
DA:40,1
DA:41,1
DA:42,1
DA:43,1
DA:44,2
DA:45,2
DA:46,2
DA:47,1
DA:48,2
DA:49,2
DA:50,1
DA:51,1
DA:52,1
DA:53,1
DA:54,1
DA:55,1
DA:56,1
DA:57,1
DA:58,1
DA:59,1
DA:60,1
DA:61,2
DA:62,2
DA:63,1
DA:64,1
DA:65,2
DA:66,1
DA:67,1
DA:68,1
DA:69,1
DA:70,1
DA:71,1
DA:72,1
DA:73,1
DA:74,1
DA:75,1
DA:76,1
DA:77,1
DA:78,1
DA:79,1
DA:80,1
DA:81,1
DA:82,1
DA:83,1
DA:84,1
DA:85,1
LF:85
LH:82
BRDA:33,0,0,1
BRDA:36,1,0,1
BRDA:39,2,0,1
BRDA:43,3,0,2
BRDA:46,4,0,1
BRDA:49,5,0,1
BRDA:52,6,0,3
BRDA:55,7,0,3
BRDA:58,8,0,3
BRDA:62,9,0,1
BRDA:68,10,0,1
BRDA:69,11,0,1
BRDA:70,12,0,1
BRDA:71,13,0,1
BRDA:72,14,0,1
BRF:15
BRH:15
end_of_record
TN:
SF:src\slices\orderDataSlice.tsx
FN:31,extraReducers
FN:48,getOrder
FN:49,getOrderNumber
FN:50,getLoadingState
FNF:4
FNH:4
FNDA:2,extraReducers
FNDA:1,getOrder
FNDA:1,getOrderNumber
FNDA:1,getLoadingState
DA:1,1
DA:2,1
DA:3,1
DA:4,1
DA:5,1
DA:6,1
DA:7,1
DA:8,1
DA:9,0
DA:10,0
DA:11,0
DA:12,0
DA:13,0
DA:14,0
DA:15,1
DA:16,1
DA:17,1
DA:18,1
DA:19,1
DA:20,1
DA:21,1
DA:22,1
DA:23,1
DA:24,1
DA:25,1
DA:26,1
DA:27,1
DA:28,1
DA:29,1
DA:30,1
DA:31,1
DA:32,2
DA:33,2
DA:34,2
DA:35,1
DA:36,2
DA:37,2
DA:38,1
DA:39,1
DA:40,2
DA:41,2
DA:42,1
DA:43,1
DA:44,2
DA:45,2
DA:46,1
DA:47,1
DA:48,1
DA:49,1
DA:50,1
DA:51,1
DA:52,1
LF:52
LH:46
BRDA:31,0,0,2
BRDA:34,1,0,1
BRDA:37,2,0,1
BRDA:41,3,0,1
BRDA:48,4,0,1
BRDA:49,5,0,1
BRDA:49,6,0,0
BRDA:50,7,0,1
BRF:8
BRH:7
end_of_record
TN:
SF:src\slices\userSlice.tsx
FN:96,authCheсked
FN:100,extraReducers
FN:185,getAuth
FN:186,getUser
FN:187,getUserOrders
FN:188,getLoadingStatus
FN:189,getAuthChecked
FN:190,getLogoutStatus
FNF:8
FNH:7
FNDA:0,authCheсked
FNDA:2,extraReducers
FNDA:1,getAuth
FNDA:1,getUser
FNDA:1,getUserOrders
FNDA:1,getLoadingStatus
FNDA:1,getAuthChecked
FNDA:1,getLogoutStatus
DA:1,1
DA:2,1
DA:3,1
DA:4,1
DA:5,1
DA:6,1
DA:7,1
DA:8,1
DA:9,1
DA:10,1
DA:11,1
DA:12,1
DA:13,1
DA:14,1
DA:15,1
DA:16,1
DA:17,1
DA:18,0
DA:19,0
DA:20,0
DA:21,0
DA:22,0
DA:23,1
DA:24,1
DA:25,1
DA:26,1
DA:27,1
DA:28,0
DA:29,0
DA:30,0
DA:31,0
DA:32,0
DA:33,1
DA:34,1
DA:35,1
DA:36,0
DA:37,0
DA:38,1
DA:39,1
DA:40,1
DA:41,0
DA:42,0
DA:43,0
DA:44,1
DA:45,1
DA:46,1
DA:47,0
DA:48,0
DA:49,1
DA:50,1
DA:51,1
DA:52,1
DA:53,1
DA:54,0
DA:55,0
DA:56,0
DA:57,1
DA:58,1
DA:59,1
DA:60,1
DA:61,1
DA:62,0
DA:63,0
DA:64,0
DA:65,0
DA:66,0
DA:67,0
DA:68,0
DA:69,0
DA:70,1
DA:71,1
DA:72,1
DA:73,1
DA:74,1
DA:75,1
DA:76,1
DA:77,1
DA:78,1
DA:79,1
DA:80,1
DA:81,1
DA:82,1
DA:83,1
DA:84,1
DA:85,1
DA:86,1
DA:87,1
DA:88,1
DA:89,1
DA:90,1
DA:91,1
DA:92,1
DA:93,1
DA:94,1
DA:95,1
DA:96,1
DA:97,0
DA:98,0
DA:99,1
DA:100,1
DA:101,2
DA:102,2
DA:103,2
DA:104,0
DA:105,2
DA:106,2
DA:107,1
DA:108,1
DA:109,2
DA:110,2
DA:111,1
DA:112,1
DA:113,2
DA:114,2
DA:115,2
DA:116,1
DA:117,1
DA:118,2
DA:119,2
DA:120,1
DA:121,1
DA:122,1
DA:123,2
DA:124,2
DA:125,1
DA:126,1
DA:127,1
DA:128,2
DA:129,2
DA:130,2
DA:131,1
DA:132,2
DA:133,2
DA:134,1
DA:135,1
DA:136,1
DA:137,1
DA:138,2
DA:139,2
DA:140,1
DA:141,1
DA:142,1
DA:143,2
DA:144,2
DA:145,2
DA:146,1
DA:147,2
DA:148,2
DA:149,1
DA:150,1
DA:151,1
DA:152,1
DA:153,2
DA:154,2
DA:155,2
DA:156,1
DA:157,2
DA:158,2
DA:159,1
DA:160,1
DA:161,1
DA:162,1
DA:163,2
DA:164,2
DA:165,1
DA:166,1
DA:167,1
DA:168,1
DA:169,1
DA:170,2
DA:171,2
DA:172,2
DA:173,2
DA:174,2
DA:175,2
DA:176,1
DA:177,1
DA:178,2
DA:179,2
DA:180,1
DA:181,1
DA:182,2
DA:183,1
DA:184,1
DA:185,1
DA:186,1
DA:187,1
DA:188,1
DA:189,1
DA:190,1
DA:191,1
DA:192,1
DA:193,1
DA:194,1
DA:195,1
DA:196,1
DA:197,1
DA:198,1
DA:199,1
DA:200,1
DA:201,1
DA:202,1
DA:203,1
DA:204,1
LF:204
LH:173
BRDA:100,0,0,2
BRDA:106,1,0,1
BRDA:110,2,0,1
BRDA:115,3,0,1
BRDA:119,4,0,1
BRDA:124,5,0,1
BRDA:130,6,0,1
BRDA:133,7,0,1
BRDA:139,8,0,1
BRDA:145,9,0,1
BRDA:148,10,0,1
BRDA:155,11,0,1
BRDA:158,12,0,1
BRDA:164,13,0,1
BRDA:172,14,0,2
BRDA:175,15,0,1
BRDA:179,16,0,1
BRDA:185,17,0,1
BRDA:186,18,0,1
BRDA:187,19,0,1
BRDA:188,20,0,1
BRDA:189,21,0,1
BRDA:190,22,0,1
BRF:23
BRH:23
end_of_record
TN:
SF:src\utils\cookie.ts
FN:1,getCookie
FN:13,setCookie
FN:45,deleteCookie
FNF:3
FNH:0
FNDA:0,getCookie
FNDA:0,setCookie
FNDA:0,deleteCookie
DA:1,0
DA:2,0
DA:3,0
DA:4,0
DA:5,0
DA:6,0
DA:7,0
DA:8,0
DA:9,0
DA:10,0
DA:11,0
DA:12,1
DA:13,0
DA:14,0
DA:15,0
DA:16,0
DA:17,0
DA:18,0
DA:19,0
DA:20,0
DA:21,0
DA:22,0
DA:23,0
DA:24,0
DA:25,0
DA:26,0
DA:27,0
DA:28,0
DA:29,0
DA:30,0
DA:31,0
DA:32,0
DA:33,0
DA:34,0
DA:35,0
DA:36,0
DA:37,0
DA:38,0
DA:39,0
DA:40,0
DA:41,0
DA:42,0
DA:43,0
DA:44,1
DA:45,0
DA:46,0
DA:47,0
LF:47
LH:2
BRF:0
BRH:0
end_of_record
